<?xml version="1.0" encoding="UTF-8"?>
<testsuites name="GenericSTI_DifferentCardType" time="145.621" tests="1" failures="0" errors="0">
   <testsuite name="GenericSTI_DifferentCardType" tests="1" failures="0" errors="0" time="145.621" timestamp="2020-01-29 12:48:39" hostname="admin - SYS8" id="Test Suites/Certpay_TestSuite/GenericSTI_DifferentCardType">
      <properties>
         <property name="deviceName" value=""/>
         <property name="devicePlatform" value=""/>
         <property name="logFolder" value="D:\\CertpayGeneric\\Reports\\20200129_124834\\Certpay_TestSuite\\GenericSTI_DifferentCardType\\20200129_124834"/>
         <property name="logFiles" value="D:\\CertpayGeneric\\Reports\\20200129_124834\\Certpay_TestSuite\\GenericSTI_DifferentCardType\\20200129_124834\\execution0.log"/>
         <property name="attachments" value=""/>
         <property name="hostName" value="admin - SYS8"/>
         <property name="os" value="Windows 10 32bit"/>
         <property name="katalonVersion" value="7.1.2.1"/>
         <property name="browser" value="Chrome 79.0.3945.130"/>
         <property name="hostAddress" value="172.31.252.142"/>
         <property name="sessionId" value="2fec9fa0ae5bde74c7f94b02f24340fb"/>
         <property name="seleniumVersion" value="3.141.59"/>
         <property name="proxyInformation" value="ProxyInformation{proxyOption=NO_PROXY, proxyServerType=HTTP, password=, proxyServerAddress=, proxyServerPort=0, executionList=}"/>
         <property name="platform" value="Windows 10"/>
      </properties>
      <testcase name="Test Cases/Certpay_GenericSTI/CardTypes_SingleLinePayment/TC_001_SingleLinePayment_VISA" time="144.198" classname="Test Cases/Certpay_GenericSTI/CardTypes_SingleLinePayment/TC_001_SingleLinePayment_VISA" status="PASSED">
         <system-out><![CDATA[2020-01-29 12:48:39 - [TEST_CASE][PASSED] - Test Cases/Certpay_GenericSTI/CardTypes_SingleLinePayment/TC_001_SingleLinePayment_VISA: Test Cases/Certpay_GenericSTI/CardTypes_SingleLinePayment/TC_001_SingleLinePayment_VISA

2020-01-29 12:48:40 - [TEST_STEP][PASSED] - data = findTestData("Certpay/SingleBureau_SingleLine_VISA"): null

2020-01-29 12:48:41 - [TEST_STEP][PASSED] - for (def index : (1..data.getRowNumbers())): GenericSTI_DifferentCardType.ts:Clicked on the Process payment

2020-01-29 12:48:41 - [TEST_STEP][PASSED] - cardNum = data.getValue("CardNumber", index): null

2020-01-29 12:48:41 - [TEST_STEP][PASSED] - expMonth = data.getValue("ExpMonth", index): null

2020-01-29 12:48:41 - [TEST_STEP][PASSED] - expYear = data.getValue("ExpYear", index): null

2020-01-29 12:48:41 - [TEST_STEP][PASSED] - securityCode = data.getValue("SecurityCode", index): null

2020-01-29 12:48:41 - [TEST_STEP][PASSED] - cardType = data.getValue("CardType", index): null

2020-01-29 12:48:41 - [TEST_STEP][PASSED] - utilities.SafeActions.openBrowser(Genericsti_url, [pageLoadTime]): Browser launched successfully

2020-01-29 12:48:41 - [MESSAGE][INFO] - Opening Browser

2020-01-29 12:48:41 - [MESSAGE][INFO] - Starting 'Chrome' driver

2020-01-29 12:48:42 - [MESSAGE][INFO] - Action delay is set to 0 seconds

2020-01-29 12:48:56 - [MESSAGE][PASSED] - Browser is opened with url: 'https://qa-certpaygenericsti.faps.net/genericsti/demo/'

2020-01-29 12:48:57 - [MESSAGE][PASSED] - Current window maximized

2020-01-29 12:48:57 - [MESSAGE][PASSED] - Browser launched successfully

2020-01-29 12:48:57 - [TEST_STEP][PASSED] - utilities.SafeActions.safeClick(findTestObject("CERTPAY_GENERICSTI/Demo_Pages/BEGIN_PAYMENT"), "Begin Payment", [pageLoadTime]): GenericSTI_DifferentCardType.ts:Clicked on the Begin Payment

2020-01-29 12:48:57 - [MESSAGE][INFO] - safeClicking

2020-01-29 12:48:58 - [MESSAGE][PASSED] - Object 'Object Repository/CERTPAY_GENERICSTI/Demo_Pages/BEGIN_PAYMENT' is present

2020-01-29 12:48:58 - [MESSAGE][PASSED] - Object 'Object Repository/CERTPAY_GENERICSTI/Demo_Pages/BEGIN_PAYMENT' is clickable

2020-01-29 12:49:01 - [MESSAGE][PASSED] - Object: 'Object Repository/CERTPAY_GENERICSTI/Demo_Pages/BEGIN_PAYMENT' is clicked on

2020-01-29 12:49:01 - [MESSAGE][PASSED] - GenericSTI_DifferentCardType.ts:Clicked on the Begin Payment

2020-01-29 12:49:01 - [TEST_STEP][PASSED] - utilities.SafeActions.safeClick(findTestObject("CERTPAY_GENERICSTI/XML_Page/SUBMIT"), "Submit XML", [pageLoadTime]): GenericSTI_DifferentCardType.ts:Clicked on the Submit XML

2020-01-29 12:49:01 - [MESSAGE][INFO] - safeClicking

2020-01-29 12:49:01 - [MESSAGE][PASSED] - Object 'Object Repository/CERTPAY_GENERICSTI/XML_Page/SUBMIT' is present

2020-01-29 12:49:02 - [MESSAGE][PASSED] - Object 'Object Repository/CERTPAY_GENERICSTI/XML_Page/SUBMIT' is clickable

2020-01-29 12:49:11 - [MESSAGE][PASSED] - Object: 'Object Repository/CERTPAY_GENERICSTI/XML_Page/SUBMIT' is clicked on

2020-01-29 12:49:11 - [MESSAGE][PASSED] - GenericSTI_DifferentCardType.ts:Clicked on the Submit XML

2020-01-29 12:49:11 - [TEST_STEP][PASSED] - utilities.SafeActions.safeClick(findTestObject("CERTPAY_GENERICSTI/Payment_Information_Page/VISA"), "VISA Card", [pageLoadTime]): GenericSTI_DifferentCardType.ts:Clicked on the VISA Card

2020-01-29 12:49:11 - [MESSAGE][INFO] - safeClicking

2020-01-29 12:49:13 - [MESSAGE][PASSED] - Object 'Object Repository/CERTPAY_GENERICSTI/Payment_Information_Page/VISA' is present

2020-01-29 12:49:13 - [MESSAGE][PASSED] - Object 'Object Repository/CERTPAY_GENERICSTI/Payment_Information_Page/VISA' is clickable

2020-01-29 12:49:18 - [MESSAGE][PASSED] - Object: 'Object Repository/CERTPAY_GENERICSTI/Payment_Information_Page/VISA' is clicked on

2020-01-29 12:49:18 - [MESSAGE][PASSED] - GenericSTI_DifferentCardType.ts:Clicked on the VISA Card

2020-01-29 12:49:18 - [TEST_STEP][PASSED] - CardNumber = pages.Genericsti.setUserPaymentDetails(cardNum): GenericSTI_DifferentCardType.ts:Entered'4111111111111111 into CardNum

2020-01-29 12:49:19 - [MESSAGE][PASSED] - Object 'Object Repository/CERTPAY_GENERICSTI/Payment_Information_Page/CARD_NUMBER' is present

2020-01-29 12:49:19 - [MESSAGE][PASSED] - Object 'Object Repository/CERTPAY_GENERICSTI/Payment_Information_Page/CARD_NUMBER' is visible

2020-01-29 12:49:19 - [MESSAGE][PASSED] - Object 'Object Repository/CERTPAY_GENERICSTI/Payment_Information_Page/CARD_NUMBER' is present

2020-01-29 12:49:21 - [MESSAGE][PASSED] - Text '4111111111111111' is set on object 'Object Repository/CERTPAY_GENERICSTI/Payment_Information_Page/CARD_NUMBER'

2020-01-29 12:49:21 - [MESSAGE][PASSED] - GenericSTI_DifferentCardType.ts:Entered'4111111111111111 into CardNum

2020-01-29 12:49:21 - [TEST_STEP][PASSED] - pages.Genericsti.setExpDate(expMonth, expYear, securityCode): GenericSTI_DifferentCardType.ts:Entered'207 into securityCode

2020-01-29 12:49:22 - [MESSAGE][PASSED] - Object 'Object Repository/CERTPAY_GENERICSTI/Payment_Information_Page/EXP_MONTH' is visible

2020-01-29 12:49:22 - [MESSAGE][PASSED] - Object 'Object Repository/CERTPAY_GENERICSTI/Payment_Information_Page/EXP_MONTH' is present

2020-01-29 12:49:23 - [MESSAGE][PASSED] - Object: 'Object Repository/CERTPAY_GENERICSTI/Payment_Information_Page/EXP_MONTH' is clicked on

2020-01-29 12:49:25 - [MESSAGE][PASSED] - All options with label '3' are selected in object 'Object Repository/CERTPAY_GENERICSTI/Payment_Information_Page/EXP_MONTH'  using regular expression

2020-01-29 12:49:25 - [MESSAGE][PASSED] - selected dropdown option by visible text  3from expMonth

2020-01-29 12:49:25 - [MESSAGE][PASSED] - Object 'Object Repository/CERTPAY_GENERICSTI/Payment_Information_Page/EXP_YEAR' is visible

2020-01-29 12:49:26 - [MESSAGE][PASSED] - Object 'Object Repository/CERTPAY_GENERICSTI/Payment_Information_Page/EXP_YEAR' is present

2020-01-29 12:49:27 - [MESSAGE][PASSED] - Object: 'Object Repository/CERTPAY_GENERICSTI/Payment_Information_Page/EXP_YEAR' is clicked on

2020-01-29 12:49:28 - [MESSAGE][PASSED] - All options with label '2022' are selected in object 'Object Repository/CERTPAY_GENERICSTI/Payment_Information_Page/EXP_YEAR'  using regular expression

2020-01-29 12:49:28 - [MESSAGE][PASSED] - selected dropdown option by visible text  2022from  expYear

2020-01-29 12:49:29 - [MESSAGE][PASSED] - Object 'Object Repository/CERTPAY_GENERICSTI/Payment_Information_Page/SECURITY_CODE' is present

2020-01-29 12:49:29 - [MESSAGE][PASSED] - Object 'Object Repository/CERTPAY_GENERICSTI/Payment_Information_Page/SECURITY_CODE' is visible

2020-01-29 12:49:29 - [MESSAGE][PASSED] - Object 'Object Repository/CERTPAY_GENERICSTI/Payment_Information_Page/SECURITY_CODE' is present

2020-01-29 12:49:31 - [MESSAGE][PASSED] - Text '207' is set on object 'Object Repository/CERTPAY_GENERICSTI/Payment_Information_Page/SECURITY_CODE'

2020-01-29 12:49:31 - [MESSAGE][PASSED] - GenericSTI_DifferentCardType.ts:Entered'207 into securityCode

2020-01-29 12:49:31 - [TEST_STEP][PASSED] - utilities.SafeActions.safeClick(findTestObject("CERTPAY_GENERICSTI/Payment_Information_Page/NEXT"), "Next", [pageLoadTime]): GenericSTI_DifferentCardType.ts:Clicked on the Next

2020-01-29 12:49:31 - [MESSAGE][INFO] - safeClicking

2020-01-29 12:49:31 - [MESSAGE][PASSED] - Object 'Object Repository/CERTPAY_GENERICSTI/Payment_Information_Page/NEXT' is present

2020-01-29 12:49:31 - [MESSAGE][PASSED] - Object 'Object Repository/CERTPAY_GENERICSTI/Payment_Information_Page/NEXT' is clickable

2020-01-29 12:49:35 - [MESSAGE][PASSED] - Object: 'Object Repository/CERTPAY_GENERICSTI/Payment_Information_Page/NEXT' is clicked on

2020-01-29 12:49:35 - [MESSAGE][PASSED] - GenericSTI_DifferentCardType.ts:Clicked on the Next

2020-01-29 12:49:35 - [TEST_STEP][PASSED] - utilities.SafeActions.safeClick(findTestObject("CERTPAY_GENERICSTI/Review_Payment_Page/PROCESS_PAYMENT"), "Process payment", [pageLoadTime]): GenericSTI_DifferentCardType.ts:Clicked on the Process payment

2020-01-29 12:49:35 - [MESSAGE][INFO] - safeClicking

2020-01-29 12:49:37 - [MESSAGE][PASSED] - Object 'Object Repository/CERTPAY_GENERICSTI/Review_Payment_Page/PROCESS_PAYMENT' is present

2020-01-29 12:49:37 - [MESSAGE][PASSED] - Object 'Object Repository/CERTPAY_GENERICSTI/Review_Payment_Page/PROCESS_PAYMENT' is clickable

2020-01-29 12:49:38 - [MESSAGE][PASSED] - Object: 'Object Repository/CERTPAY_GENERICSTI/Review_Payment_Page/PROCESS_PAYMENT' is clicked on

2020-01-29 12:49:38 - [MESSAGE][PASSED] - GenericSTI_DifferentCardType.ts:Clicked on the Process payment

2020-01-29 12:49:38 - [TEST_STEP][PASSED] - utilities.SafeActions.safeClick(findTestObject("CERTPAY_GENERICSTI/Confirm_Payment_Page/CONFIRM_YES"), "Process payment", [pageLoadTime]): GenericSTI_DifferentCardType.ts:Clicked on the Process payment

2020-01-29 12:49:38 - [MESSAGE][INFO] - safeClicking

2020-01-29 12:49:39 - [MESSAGE][PASSED] - Object 'Object Repository/CERTPAY_GENERICSTI/Confirm_Payment_Page/CONFIRM_YES' is present

2020-01-29 12:49:39 - [MESSAGE][PASSED] - Object 'Object Repository/CERTPAY_GENERICSTI/Confirm_Payment_Page/CONFIRM_YES' is clickable

2020-01-29 12:49:48 - [MESSAGE][PASSED] - Object: 'Object Repository/CERTPAY_GENERICSTI/Confirm_Payment_Page/CONFIRM_YES' is clicked on

2020-01-29 12:49:48 - [MESSAGE][PASSED] - GenericSTI_DifferentCardType.ts:Clicked on the Process payment

2020-01-29 12:49:48 - [TEST_STEP][PASSED] - utilities.SafeActions.safeClick(findTestObject("CERTPAY_GENERICSTI/Payment_Details_Verification_Page/NEXT"), "Process payment", [pageLoadTime]): GenericSTI_DifferentCardType.ts:Clicked on the Process payment

2020-01-29 12:49:48 - [MESSAGE][INFO] - safeClicking

2020-01-29 12:49:50 - [MESSAGE][PASSED] - Object 'Object Repository/CERTPAY_GENERICSTI/Payment_Details_Verification_Page/NEXT' is present

2020-01-29 12:49:50 - [MESSAGE][PASSED] - Object 'Object Repository/CERTPAY_GENERICSTI/Payment_Details_Verification_Page/NEXT' is clickable

2020-01-29 12:49:58 - [MESSAGE][PASSED] - Object: 'Object Repository/CERTPAY_GENERICSTI/Payment_Details_Verification_Page/NEXT' is clicked on

2020-01-29 12:49:58 - [MESSAGE][PASSED] - GenericSTI_DifferentCardType.ts:Clicked on the Process payment

2020-01-29 12:49:58 - [TEST_STEP][PASSED] - cardNum = data.getValue("CardNumber", index): null

2020-01-29 12:49:58 - [TEST_STEP][PASSED] - expMonth = data.getValue("ExpMonth", index): null

2020-01-29 12:49:58 - [TEST_STEP][PASSED] - expYear = data.getValue("ExpYear", index): null

2020-01-29 12:49:58 - [TEST_STEP][PASSED] - securityCode = data.getValue("SecurityCode", index): null

2020-01-29 12:49:58 - [TEST_STEP][PASSED] - cardType = data.getValue("CardType", index): null

2020-01-29 12:49:58 - [TEST_STEP][PASSED] - utilities.SafeActions.openBrowser(Genericsti_url, [pageLoadTime]): Browser launched successfully

2020-01-29 12:49:58 - [MESSAGE][INFO] - Opening Browser

2020-01-29 12:49:58 - [MESSAGE][WARNING] - A browser is already opened. Closing browser and opening a new one

2020-01-29 12:49:58 - [MESSAGE][INFO] - Starting 'Chrome' driver

2020-01-29 12:50:08 - [MESSAGE][PASSED] - Browser is opened with url: 'https://qa-certpaygenericsti.faps.net/genericsti/demo/'

2020-01-29 12:50:09 - [MESSAGE][PASSED] - Current window maximized

2020-01-29 12:50:09 - [MESSAGE][PASSED] - Browser launched successfully

2020-01-29 12:50:09 - [TEST_STEP][PASSED] - utilities.SafeActions.safeClick(findTestObject("CERTPAY_GENERICSTI/Demo_Pages/BEGIN_PAYMENT"), "Begin Payment", [pageLoadTime]): GenericSTI_DifferentCardType.ts:Clicked on the Begin Payment

2020-01-29 12:50:09 - [MESSAGE][INFO] - safeClicking

2020-01-29 12:50:09 - [MESSAGE][PASSED] - Object 'Object Repository/CERTPAY_GENERICSTI/Demo_Pages/BEGIN_PAYMENT' is present

2020-01-29 12:50:10 - [MESSAGE][PASSED] - Object 'Object Repository/CERTPAY_GENERICSTI/Demo_Pages/BEGIN_PAYMENT' is clickable

2020-01-29 12:50:11 - [MESSAGE][PASSED] - Object: 'Object Repository/CERTPAY_GENERICSTI/Demo_Pages/BEGIN_PAYMENT' is clicked on

2020-01-29 12:50:11 - [MESSAGE][PASSED] - GenericSTI_DifferentCardType.ts:Clicked on the Begin Payment

2020-01-29 12:50:11 - [TEST_STEP][PASSED] - utilities.SafeActions.safeClick(findTestObject("CERTPAY_GENERICSTI/XML_Page/SUBMIT"), "Submit XML", [pageLoadTime]): GenericSTI_DifferentCardType.ts:Clicked on the Submit XML

2020-01-29 12:50:12 - [MESSAGE][INFO] - safeClicking

2020-01-29 12:50:12 - [MESSAGE][PASSED] - Object 'Object Repository/CERTPAY_GENERICSTI/XML_Page/SUBMIT' is present

2020-01-29 12:50:12 - [MESSAGE][PASSED] - Object 'Object Repository/CERTPAY_GENERICSTI/XML_Page/SUBMIT' is clickable

2020-01-29 12:50:21 - [MESSAGE][PASSED] - Object: 'Object Repository/CERTPAY_GENERICSTI/XML_Page/SUBMIT' is clicked on

2020-01-29 12:50:21 - [MESSAGE][PASSED] - GenericSTI_DifferentCardType.ts:Clicked on the Submit XML

2020-01-29 12:50:21 - [TEST_STEP][PASSED] - utilities.SafeActions.safeClick(findTestObject("CERTPAY_GENERICSTI/Payment_Information_Page/VISA"), "VISA Card", [pageLoadTime]): GenericSTI_DifferentCardType.ts:Clicked on the VISA Card

2020-01-29 12:50:21 - [MESSAGE][INFO] - safeClicking

2020-01-29 12:50:22 - [MESSAGE][PASSED] - Object 'Object Repository/CERTPAY_GENERICSTI/Payment_Information_Page/VISA' is present

2020-01-29 12:50:23 - [MESSAGE][PASSED] - Object 'Object Repository/CERTPAY_GENERICSTI/Payment_Information_Page/VISA' is clickable

2020-01-29 12:50:28 - [MESSAGE][PASSED] - Object: 'Object Repository/CERTPAY_GENERICSTI/Payment_Information_Page/VISA' is clicked on

2020-01-29 12:50:28 - [MESSAGE][PASSED] - GenericSTI_DifferentCardType.ts:Clicked on the VISA Card

2020-01-29 12:50:28 - [TEST_STEP][PASSED] - CardNumber = pages.Genericsti.setUserPaymentDetails(cardNum): GenericSTI_DifferentCardType.ts:Entered'4263982640269299 into CardNum

2020-01-29 12:50:28 - [MESSAGE][PASSED] - Object 'Object Repository/CERTPAY_GENERICSTI/Payment_Information_Page/CARD_NUMBER' is present

2020-01-29 12:50:29 - [MESSAGE][PASSED] - Object 'Object Repository/CERTPAY_GENERICSTI/Payment_Information_Page/CARD_NUMBER' is visible

2020-01-29 12:50:29 - [MESSAGE][PASSED] - Object 'Object Repository/CERTPAY_GENERICSTI/Payment_Information_Page/CARD_NUMBER' is present

2020-01-29 12:50:31 - [MESSAGE][PASSED] - Text '4263982640269299' is set on object 'Object Repository/CERTPAY_GENERICSTI/Payment_Information_Page/CARD_NUMBER'

2020-01-29 12:50:31 - [MESSAGE][PASSED] - GenericSTI_DifferentCardType.ts:Entered'4263982640269299 into CardNum

2020-01-29 12:50:31 - [TEST_STEP][PASSED] - pages.Genericsti.setExpDate(expMonth, expYear, securityCode): GenericSTI_DifferentCardType.ts:Entered'207 into securityCode

2020-01-29 12:50:31 - [MESSAGE][PASSED] - Object 'Object Repository/CERTPAY_GENERICSTI/Payment_Information_Page/EXP_MONTH' is visible

2020-01-29 12:50:31 - [MESSAGE][PASSED] - Object 'Object Repository/CERTPAY_GENERICSTI/Payment_Information_Page/EXP_MONTH' is present

2020-01-29 12:50:33 - [MESSAGE][PASSED] - Object: 'Object Repository/CERTPAY_GENERICSTI/Payment_Information_Page/EXP_MONTH' is clicked on

2020-01-29 12:50:34 - [MESSAGE][PASSED] - All options with label '2' are selected in object 'Object Repository/CERTPAY_GENERICSTI/Payment_Information_Page/EXP_MONTH'  using regular expression

2020-01-29 12:50:34 - [MESSAGE][PASSED] - selected dropdown option by visible text  2from expMonth

2020-01-29 12:50:34 - [MESSAGE][PASSED] - Object 'Object Repository/CERTPAY_GENERICSTI/Payment_Information_Page/EXP_YEAR' is visible

2020-01-29 12:50:35 - [MESSAGE][PASSED] - Object 'Object Repository/CERTPAY_GENERICSTI/Payment_Information_Page/EXP_YEAR' is present

2020-01-29 12:50:36 - [MESSAGE][PASSED] - Object: 'Object Repository/CERTPAY_GENERICSTI/Payment_Information_Page/EXP_YEAR' is clicked on

2020-01-29 12:50:37 - [MESSAGE][PASSED] - All options with label '2023' are selected in object 'Object Repository/CERTPAY_GENERICSTI/Payment_Information_Page/EXP_YEAR'  using regular expression

2020-01-29 12:50:37 - [MESSAGE][PASSED] - selected dropdown option by visible text  2023from  expYear

2020-01-29 12:50:38 - [MESSAGE][PASSED] - Object 'Object Repository/CERTPAY_GENERICSTI/Payment_Information_Page/SECURITY_CODE' is present

2020-01-29 12:50:38 - [MESSAGE][PASSED] - Object 'Object Repository/CERTPAY_GENERICSTI/Payment_Information_Page/SECURITY_CODE' is visible

2020-01-29 12:50:38 - [MESSAGE][PASSED] - Object 'Object Repository/CERTPAY_GENERICSTI/Payment_Information_Page/SECURITY_CODE' is present

2020-01-29 12:50:40 - [MESSAGE][PASSED] - Text '207' is set on object 'Object Repository/CERTPAY_GENERICSTI/Payment_Information_Page/SECURITY_CODE'

2020-01-29 12:50:40 - [MESSAGE][PASSED] - GenericSTI_DifferentCardType.ts:Entered'207 into securityCode

2020-01-29 12:50:40 - [TEST_STEP][PASSED] - utilities.SafeActions.safeClick(findTestObject("CERTPAY_GENERICSTI/Payment_Information_Page/NEXT"), "Next", [pageLoadTime]): GenericSTI_DifferentCardType.ts:Clicked on the Next

2020-01-29 12:50:40 - [MESSAGE][INFO] - safeClicking

2020-01-29 12:50:40 - [MESSAGE][PASSED] - Object 'Object Repository/CERTPAY_GENERICSTI/Payment_Information_Page/NEXT' is present

2020-01-29 12:50:40 - [MESSAGE][PASSED] - Object 'Object Repository/CERTPAY_GENERICSTI/Payment_Information_Page/NEXT' is clickable

2020-01-29 12:50:44 - [MESSAGE][PASSED] - Object: 'Object Repository/CERTPAY_GENERICSTI/Payment_Information_Page/NEXT' is clicked on

2020-01-29 12:50:44 - [MESSAGE][PASSED] - GenericSTI_DifferentCardType.ts:Clicked on the Next

2020-01-29 12:50:44 - [TEST_STEP][PASSED] - utilities.SafeActions.safeClick(findTestObject("CERTPAY_GENERICSTI/Review_Payment_Page/PROCESS_PAYMENT"), "Process payment", [pageLoadTime]): GenericSTI_DifferentCardType.ts:Clicked on the Process payment

2020-01-29 12:50:44 - [MESSAGE][INFO] - safeClicking

2020-01-29 12:50:45 - [MESSAGE][PASSED] - Object 'Object Repository/CERTPAY_GENERICSTI/Review_Payment_Page/PROCESS_PAYMENT' is present

2020-01-29 12:50:46 - [MESSAGE][PASSED] - Object 'Object Repository/CERTPAY_GENERICSTI/Review_Payment_Page/PROCESS_PAYMENT' is clickable

2020-01-29 12:50:47 - [MESSAGE][PASSED] - Object: 'Object Repository/CERTPAY_GENERICSTI/Review_Payment_Page/PROCESS_PAYMENT' is clicked on

2020-01-29 12:50:47 - [MESSAGE][PASSED] - GenericSTI_DifferentCardType.ts:Clicked on the Process payment

2020-01-29 12:50:47 - [TEST_STEP][PASSED] - utilities.SafeActions.safeClick(findTestObject("CERTPAY_GENERICSTI/Confirm_Payment_Page/CONFIRM_YES"), "Process payment", [pageLoadTime]): GenericSTI_DifferentCardType.ts:Clicked on the Process payment

2020-01-29 12:50:47 - [MESSAGE][INFO] - safeClicking

2020-01-29 12:50:48 - [MESSAGE][PASSED] - Object 'Object Repository/CERTPAY_GENERICSTI/Confirm_Payment_Page/CONFIRM_YES' is present

2020-01-29 12:50:48 - [MESSAGE][PASSED] - Object 'Object Repository/CERTPAY_GENERICSTI/Confirm_Payment_Page/CONFIRM_YES' is clickable

2020-01-29 12:50:55 - [MESSAGE][PASSED] - Object: 'Object Repository/CERTPAY_GENERICSTI/Confirm_Payment_Page/CONFIRM_YES' is clicked on

2020-01-29 12:50:55 - [MESSAGE][PASSED] - GenericSTI_DifferentCardType.ts:Clicked on the Process payment

2020-01-29 12:50:55 - [TEST_STEP][PASSED] - utilities.SafeActions.safeClick(findTestObject("CERTPAY_GENERICSTI/Payment_Details_Verification_Page/NEXT"), "Process payment", [pageLoadTime]): GenericSTI_DifferentCardType.ts:Clicked on the Process payment

2020-01-29 12:50:56 - [MESSAGE][INFO] - safeClicking

2020-01-29 12:50:57 - [MESSAGE][PASSED] - Object 'Object Repository/CERTPAY_GENERICSTI/Payment_Details_Verification_Page/NEXT' is present

2020-01-29 12:50:57 - [MESSAGE][PASSED] - Object 'Object Repository/CERTPAY_GENERICSTI/Payment_Details_Verification_Page/NEXT' is clickable

2020-01-29 12:51:03 - [MESSAGE][PASSED] - Object: 'Object Repository/CERTPAY_GENERICSTI/Payment_Details_Verification_Page/NEXT' is clicked on

2020-01-29 12:51:03 - [MESSAGE][PASSED] - GenericSTI_DifferentCardType.ts:Clicked on the Process payment]]></system-out>
         <system-err><![CDATA[]]></system-err>
      </testcase>
      <system-out><![CDATA[2020-01-29 12:48:39 - [TEST_SUITE][PASSED] - GenericSTI_DifferentCardType: Test Cases/Certpay_GenericSTI/CardTypes_SingleLinePayment/TC_001_SingleLinePayment_VISA]]></system-out>
      <system-err><![CDATA[]]></system-err>
   </testsuite>
</testsuites>
